<?xml version="1.0" encoding="UTF-8"?>
<testsuites name="testsuite3" time="0" tests="0" failures="0" errors="0">
   <testsuite name="testsuite3" tests="0" failures="0" errors="0" time="0" timestamp="2018-07-26 12:50:58" hostname="neha.mehla - WSLK1FFTRFW-06" id="Test Suites/testsuite3">
      <properties>
         <property name="deviceName" value=""/>
         <property name="devicePlatform" value=""/>
         <property name="logFolder" value="C:\\Users\\neha.mehla\\Katalon Studio\\Sample project\\Reports\\testsuite3\\20180726_125056"/>
         <property name="logFiles" value="C:\\Users\\neha.mehla\\Katalon Studio\\Sample project\\Reports\\testsuite3\\20180726_125056\\execution0.log"/>
         <property name="attachments" value=""/>
         <property name="hostName" value="neha.mehla - WSLK1FFTRFW-06"/>
         <property name="hostAddress" value="10.10.10.15"/>
         <property name="os" value="Windows 7 64bit"/>
         <property name="katalonVersion" value="5.5.0.1"/>
      </properties>
      <system-out><![CDATA[2018-07-26 12:50:58 - [TEST_SUITE][PASSED] - testsuite3: null]]></system-out>
      <system-err><![CDATA[]]></system-err>
   </testsuite>
</testsuites>
