<?xml version="1.0" encoding="UTF-8"?>
<testsuites name="testsuite3" time="38" tests="1" failures="0" errors="0">
   <testsuite name="testsuite3" tests="1" failures="0" errors="0" time="38" timestamp="2018-07-26 13:05:30" hostname="neha.mehla - WSLK1FFTRFW-06" id="Test Suites/testsuite3">
      <properties>
         <property name="deviceName" value=""/>
         <property name="devicePlatform" value=""/>
         <property name="logFolder" value="C:\\Users\\neha.mehla\\Katalon Studio\\Sample project\\Reports\\testsuite3\\20180726_130529"/>
         <property name="logFiles" value="C:\\Users\\neha.mehla\\Katalon Studio\\Sample project\\Reports\\testsuite3\\20180726_130529\\execution0.log"/>
         <property name="attachments" value=""/>
         <property name="hostName" value="neha.mehla - WSLK1FFTRFW-06"/>
         <property name="os" value="Windows 7 64bit"/>
         <property name="katalonVersion" value="5.5.0.1"/>
         <property name="browser" value="Chrome 67.0.3396.99"/>
         <property name="hostAddress" value="10.10.10.15"/>
         <property name="sessionId" value="79048cb255671c57f478c61eae73f6a8"/>
         <property name="seleniumVersion" value="3.7.1"/>
         <property name="proxyInformation" value="ProxyInformation{proxyOption=NO_PROXY, proxyServerType=HTTP, password=, proxyServerAddress=, proxyServerPort=0}"/>
         <property name="platform" value="Windows 7"/>
      </properties>
      <testcase name="Test Cases/test2" classname="Test Cases/test2" status="PASSED">
         <system-out><![CDATA[2018-07-26 13:05:30 - [TEST_CASE][PASSED] - Test Cases/test2: Test Cases/test2

2018-07-26 13:05:31 - [TEST_STEP][PASSED] - openBrowser: Browser is opened with url: ''

2018-07-26 13:05:54 - [MESSAGE][PASSED] - Browser is opened with url: ''

2018-07-26 13:05:54 - [TEST_STEP][PASSED] - navigateToUrl: Navigate to 'https://opensource-demo.orangehrmlive.com/' successfully

2018-07-26 13:06:00 - [MESSAGE][PASSED] - Navigate to 'https://opensource-demo.orangehrmlive.com/' successfully

2018-07-26 13:06:00 - [TEST_STEP][PASSED] - click: Object: 'Object Repository/New Folder1/Page_OrangeHRM/span_Username' is clicked on

2018-07-26 13:06:00 - [MESSAGE][PASSED] - Object: 'Object Repository/New Folder1/Page_OrangeHRM/span_Username' is clicked on

2018-07-26 13:06:00 - [TEST_STEP][PASSED] - setText: Text 'Admin' is set on object 'Object Repository/New Folder1/Page_OrangeHRM/input_txtUsername'

2018-07-26 13:06:00 - [MESSAGE][PASSED] - Text 'Admin' is set on object 'Object Repository/New Folder1/Page_OrangeHRM/input_txtUsername'

2018-07-26 13:06:00 - [TEST_STEP][PASSED] - setEncryptedText: Text ****** has been set on object 'Object Repository/New Folder1/Page_OrangeHRM/input_txtPassword'

2018-07-26 13:06:00 - [MESSAGE][PASSED] - Text ****** has been set on object 'Object Repository/New Folder1/Page_OrangeHRM/input_txtPassword'

2018-07-26 13:06:00 - [TEST_STEP][PASSED] - click: Object: 'Object Repository/New Folder1/Page_OrangeHRM/input_Submit' is clicked on

2018-07-26 13:06:02 - [MESSAGE][PASSED] - Object: 'Object Repository/New Folder1/Page_OrangeHRM/input_Submit' is clicked on

2018-07-26 13:06:02 - [TEST_STEP][PASSED] - click: Object: 'Object Repository/New Folder1/Page_OrangeHRM/b_Admin' is clicked on

2018-07-26 13:06:06 - [MESSAGE][PASSED] - Object: 'Object Repository/New Folder1/Page_OrangeHRM/b_Admin' is clicked on]]></system-out>
         <system-err><![CDATA[]]></system-err>
      </testcase>
      <system-out><![CDATA[2018-07-26 13:05:30 - [TEST_SUITE][PASSED] - testsuite3: Test Cases/test2]]></system-out>
      <system-err><![CDATA[]]></system-err>
   </testsuite>
</testsuites>
