<?xml version="1.0" encoding="UTF-8"?>
<testsuites name="Test Suite1" time="37" tests="0" failures="1" errors="0">
   <testsuite name="Test Suite1" tests="0" failures="1" errors="0" time="37" timestamp="2018-07-25 12:20:37" hostname="neha.mehla - WSLK1FFTRFW-06" id="Test Suites/Day2/Test Suite1">
      <properties>
         <property name="deviceName" value=""/>
         <property name="devicePlatform" value=""/>
         <property name="logFolder" value="C:\\Users\\neha.mehla\\Katalon Studio\\Sample project\\Reports\\Day2\\Test Suite1\\20180725_122035"/>
         <property name="logFiles" value="C:\\Users\\neha.mehla\\Katalon Studio\\Sample project\\Reports\\Day2\\Test Suite1\\20180725_122035\\execution0.log"/>
         <property name="attachments" value="C:\\Users\\neha.mehla\\Katalon Studio\\Sample project\\Reports\\Day2\\Test Suite1\\20180725_122035\\1532501471477.png"/>
         <property name="hostName" value="neha.mehla - WSLK1FFTRFW-06"/>
         <property name="os" value="Windows 7 64bit"/>
         <property name="katalonVersion" value="5.5.0.1"/>
         <property name="browser" value="Firefox 51.0"/>
         <property name="hostAddress" value="10.10.10.15"/>
         <property name="sessionId" value="d4308291-e9d5-4f10-a3ba-eb4671c8553b"/>
         <property name="seleniumVersion" value="3.7.1"/>
         <property name="proxyInformation" value="ProxyInformation{proxyOption=NO_PROXY, proxyServerType=HTTP, password=, proxyServerAddress=, proxyServerPort=0}"/>
         <property name="platform" value="Windows 7"/>
      </properties>
      <testcase name="Test Cases/Day2/test3" classname="Test Cases/Day2/test3" status="FAILED">
         <failure type="FAILED" message="Unable to set encrypted text for object 'Object Repository/test3/Page_OrangeHRM/input_txtPassword' (Root cause: javax.crypto.IllegalBlockSizeException: Input length must be multiple of 8 when decrypting with padded cipher)"/>
         <system-out><![CDATA[2018-07-25 12:20:37 - [TEST_CASE][FAILED] - Test Cases/Day2/test3: Test Cases/Day2/test3 FAILED because (of) Unable to set encrypted text for object 'Object Repository/test3/Page_OrangeHRM/input_txtPassword' (Root cause: javax.crypto.IllegalBlockSizeException: Input length must be multiple of 8 when decrypting with padded cipher)

2018-07-25 12:20:37 - [TEST_STEP][PASSED] - openBrowser: Browser is opened with url: ''

2018-07-25 12:21:06 - [MESSAGE][PASSED] - Browser is opened with url: ''

2018-07-25 12:21:06 - [TEST_STEP][PASSED] - navigateToUrl: Navigate to 'https://opensource-demo.orangehrmlive.com/' successfully

2018-07-25 12:21:11 - [MESSAGE][PASSED] - Navigate to 'https://opensource-demo.orangehrmlive.com/' successfully

2018-07-25 12:21:11 - [TEST_STEP][PASSED] - setText: Text 'Admin' is set on object 'Object Repository/test3/Page_OrangeHRM/input_txtUsername'

2018-07-25 12:21:11 - [MESSAGE][PASSED] - Text 'Admin' is set on object 'Object Repository/test3/Page_OrangeHRM/input_txtUsername'

2018-07-25 12:21:11 - [TEST_STEP][FAILED] - setEncryptedText: Unable to set encrypted text for object 'Object Repository/test3/Page_OrangeHRM/input_txtPassword' (Root cause: javax.crypto.IllegalBlockSizeException: Input length must be multiple of 8 when decrypting with padded cipher)

2018-07-25 12:21:11 - [MESSAGE][FAILED] - Unable to set encrypted text for object 'Object Repository/test3/Page_OrangeHRM/input_txtPassword' (Root cause: javax.crypto.IllegalBlockSizeException: Input length must be multiple of 8 when decrypting with padded cipher)
[[ATTACHMENT|C:\\Users\\neha.mehla\\Katalon Studio\\Sample project\\Reports\\Day2\\Test Suite1\\20180725_122035\\1532501471477.png]]]]></system-out>
         <system-err><![CDATA[2018-07-25 12:20:37 - [TEST_CASE][FAILED] - Test Cases/Day2/test3: Test Cases/Day2/test3 FAILED because (of) Unable to set encrypted text for object 'Object Repository/test3/Page_OrangeHRM/input_txtPassword' (Root cause: javax.crypto.IllegalBlockSizeException: Input length must be multiple of 8 when decrypting with padded cipher)]]></system-err>
      </testcase>
      <system-out><![CDATA[2018-07-25 12:20:37 - [TEST_SUITE][FAILED] - Test Suite1: Test Cases/Day2/test3 FAILED because (of) Unable to set encrypted text for object 'Object Repository/test3/Page_OrangeHRM/input_txtPassword' (Root cause: javax.crypto.IllegalBlockSizeException: Input length must be multiple of 8 when decrypting with padded cipher)]]></system-out>
      <system-err><![CDATA[2018-07-25 12:20:37 - [TEST_SUITE][FAILED] - Test Suite1: Test Cases/Day2/test3 FAILED because (of) Unable to set encrypted text for object 'Object Repository/test3/Page_OrangeHRM/input_txtPassword' (Root cause: javax.crypto.IllegalBlockSizeException: Input length must be multiple of 8 when decrypting with padded cipher)]]></system-err>
   </testsuite>
</testsuites>
